<?xml version="1.0" encoding="UTF-8"?>
<testsuite xmlns:xsi="http://www.w3.org/2001/XMLSchema-instance" xsi:noNamespaceSchemaLocation="https://maven.apache.org/surefire/maven-surefire-plugin/xsd/surefire-test-report.xsd" name="com.vtiger.runner.TestRunner" time="87.802" tests="4" errors="2" skipped="2" failures="0">
  <properties>
[...]
</properties>
  <testcase name="Given User should be on login page" classname="Scenario: Verify logo" time="0.055">
    <error message="session not created: This version of ChromeDriver only supports Chrome version 81&#10;Build info: version: &apos;3.12.0&apos;, revision: &apos;7c6e0b3&apos;, time: &apos;2018-05-08T14:04:26.12Z&apos;&#10;System info: host: &apos;WINDOWS-7-PC&apos;, ip: &apos;127.0.0.1&apos;, os.name: &apos;Windows 7&apos;, os.arch: &apos;amd64&apos;, os.version: &apos;6.1&apos;, java.version: &apos;1.8.0_241&apos;&#10;Driver info: driver.version: ChromeDriver&#10;remote stacktrace: Backtrace:&#10;	Ordinal0 [0x00435F73+2449267]&#10;	Ordinal0 [0x00368361+1606497]&#10;	Ordinal0 [0x0025F969+522601]&#10;	Ordinal0 [0x001F05F3+67059]&#10;	Ordinal0 [0x001ECD92+52626]&#10;	Ordinal0 [0x0020C127+180519]&#10;	Ordinal0 [0x0020BF2D+180013]&#10;	Ordinal0 [0x00209E5B+171611]&#10;	Ordinal0 [0x001F1DD8+73176]&#10;	Ordinal0 [0x001F2E50+77392]&#10;	Ordinal0 [0x001F2DE9+77289]&#10;	Ordinal0 [0x0037D8D7+1693911]&#10;	GetHandleVerifier [0x004D4036+522726]&#10;	GetHandleVerifier [0x004D3D74+522020]&#10;	GetHandleVerifier [0x004E9187+609079]&#10;	GetHandleVerifier [0x004D48A6+524886]&#10;	Ordinal0 [0x00375CBC+1662140]&#10;	Ordinal0 [0x0037F23B+1700411]&#10;	Ordinal0 [0x0037F3A3+1700771]&#10;	Ordinal0 [0x00395215+1790485]&#10;	BaseThreadInitThunk [0x76063677+18]&#10;	RtlInitializeExceptionChain [0x77969D72+99]&#10;	RtlInitializeExceptionChain [0x77969D45+54]&#10;" type="org.openqa.selenium.SessionNotCreatedException">org.openqa.selenium.SessionNotCreatedException: 
session not created: This version of ChromeDriver only supports Chrome version 81
Build info: version: '3.12.0', revision: '7c6e0b3', time: '2018-05-08T14:04:26.12Z'
System info: host: 'WINDOWS-7-PC', ip: '127.0.0.1', os.name: 'Windows 7', os.arch: 'amd64', os.version: '6.1', java.version: '1.8.0_241'
Driver info: driver.version: ChromeDriver
remote stacktrace: Backtrace:
	Ordinal0 [0x00435F73+2449267]
	Ordinal0 [0x00368361+1606497]
	Ordinal0 [0x0025F969+522601]
	Ordinal0 [0x001F05F3+67059]
	Ordinal0 [0x001ECD92+52626]
	Ordinal0 [0x0020C127+180519]
	Ordinal0 [0x0020BF2D+180013]
	Ordinal0 [0x00209E5B+171611]
	Ordinal0 [0x001F1DD8+73176]
	Ordinal0 [0x001F2E50+77392]
	Ordinal0 [0x001F2DE9+77289]
	Ordinal0 [0x0037D8D7+1693911]
	GetHandleVerifier [0x004D4036+522726]
	GetHandleVerifier [0x004D3D74+522020]
	GetHandleVerifier [0x004E9187+609079]
	GetHandleVerifier [0x004D48A6+524886]
	Ordinal0 [0x00375CBC+1662140]
	Ordinal0 [0x0037F23B+1700411]
	Ordinal0 [0x0037F3A3+1700771]
	Ordinal0 [0x00395215+1790485]
	BaseThreadInitThunk [0x76063677+18]
	RtlInitializeExceptionChain [0x77969D72+99]
	RtlInitializeExceptionChain [0x77969D45+54]

</error>
    <system-out><![CDATA[Feature: Valid all functionality on login page
]]></system-out>
    <system-err><![CDATA[Starting ChromeDriver 81.0.4044.69 (6813546031a4bc83f717a2ef7cd4ac6ec1199132-refs/branch-heads/4044@{#776}) on port 3439
Only local connections are allowed.
Please protect ports used by ChromeDriver and related test frameworks to prevent access by malicious code.
]]></system-err>
  </testcase>
  <testcase name="Scenario: Verify logo" classname="Scenario: Verify logo" time="0.06">
    <error message="session not created: This version of ChromeDriver only supports Chrome version 81&#10;Build info: version: &apos;3.12.0&apos;, revision: &apos;7c6e0b3&apos;, time: &apos;2018-05-08T14:04:26.12Z&apos;&#10;System info: host: &apos;WINDOWS-7-PC&apos;, ip: &apos;127.0.0.1&apos;, os.name: &apos;Windows 7&apos;, os.arch: &apos;amd64&apos;, os.version: &apos;6.1&apos;, java.version: &apos;1.8.0_241&apos;&#10;Driver info: driver.version: ChromeDriver&#10;remote stacktrace: Backtrace:&#10;	Ordinal0 [0x00435F73+2449267]&#10;	Ordinal0 [0x00368361+1606497]&#10;	Ordinal0 [0x0025F969+522601]&#10;	Ordinal0 [0x001F05F3+67059]&#10;	Ordinal0 [0x001ECD92+52626]&#10;	Ordinal0 [0x0020C127+180519]&#10;	Ordinal0 [0x0020BF2D+180013]&#10;	Ordinal0 [0x00209E5B+171611]&#10;	Ordinal0 [0x001F1DD8+73176]&#10;	Ordinal0 [0x001F2E50+77392]&#10;	Ordinal0 [0x001F2DE9+77289]&#10;	Ordinal0 [0x0037D8D7+1693911]&#10;	GetHandleVerifier [0x004D4036+522726]&#10;	GetHandleVerifier [0x004D3D74+522020]&#10;	GetHandleVerifier [0x004E9187+609079]&#10;	GetHandleVerifier [0x004D48A6+524886]&#10;	Ordinal0 [0x00375CBC+1662140]&#10;	Ordinal0 [0x0037F23B+1700411]&#10;	Ordinal0 [0x0037F3A3+1700771]&#10;	Ordinal0 [0x00395215+1790485]&#10;	BaseThreadInitThunk [0x76063677+18]&#10;	RtlInitializeExceptionChain [0x77969D72+99]&#10;	RtlInitializeExceptionChain [0x77969D45+54]&#10;" type="org.openqa.selenium.SessionNotCreatedException">org.openqa.selenium.SessionNotCreatedException: 
session not created: This version of ChromeDriver only supports Chrome version 81
Build info: version: '3.12.0', revision: '7c6e0b3', time: '2018-05-08T14:04:26.12Z'
System info: host: 'WINDOWS-7-PC', ip: '127.0.0.1', os.name: 'Windows 7', os.arch: 'amd64', os.version: '6.1', java.version: '1.8.0_241'
Driver info: driver.version: ChromeDriver
remote stacktrace: Backtrace:
	Ordinal0 [0x00435F73+2449267]
	Ordinal0 [0x00368361+1606497]
	Ordinal0 [0x0025F969+522601]
	Ordinal0 [0x001F05F3+67059]
	Ordinal0 [0x001ECD92+52626]
	Ordinal0 [0x0020C127+180519]
	Ordinal0 [0x0020BF2D+180013]
	Ordinal0 [0x00209E5B+171611]
	Ordinal0 [0x001F1DD8+73176]
	Ordinal0 [0x001F2E50+77392]
	Ordinal0 [0x001F2DE9+77289]
	Ordinal0 [0x0037D8D7+1693911]
	GetHandleVerifier [0x004D4036+522726]
	GetHandleVerifier [0x004D3D74+522020]
	GetHandleVerifier [0x004E9187+609079]
	GetHandleVerifier [0x004D48A6+524886]
	Ordinal0 [0x00375CBC+1662140]
	Ordinal0 [0x0037F23B+1700411]
	Ordinal0 [0x0037F3A3+1700771]
	Ordinal0 [0x00395215+1790485]
	BaseThreadInitThunk [0x76063677+18]
	RtlInitializeExceptionChain [0x77969D72+99]
	RtlInitializeExceptionChain [0x77969D45+54]

</error>
  </testcase>
  <testcase name="Then logo should be displayed" classname="Scenario: Verify logo" time="0">
    <skipped/>
  </testcase>
  <testcase name="And close application" classname="Scenario: Verify logo" time="0">
    <skipped/>
  </testcase>
</testsuite>